Drill report for flowcontrol_BL.kicad_pcb
Created on 2024-12-22T20:43:44-0500

Copper Layer Stackup:
    =============================================================
    L1 :  F.Cu                      front
    L2 :  In1.Cu                    in1
    L3 :  In2.Cu                    in2
    L4 :  B.Cu                      back


Drill file 'flowcontrol_BL-PTH.drl' contains
    plated through holes:
    =============================================================
    T1  0.300mm  0.0118"  (7 holes)
    T2  0.800mm  0.0315"  (76 holes)
    T3  0.900mm  0.0354"  (12 holes)
    T4  1.000mm  0.0394"  (57 holes)
    T5  1.100mm  0.0433"  (24 holes)
    T6  1.500mm  0.0591"  (5 holes)  (with 2 slots)

    Total plated holes count 181


Drill file 'flowcontrol_BL-NPTH.drl' contains
    unplated through holes:
    =============================================================

    Total unplated holes count 0
